<?xml version="1.0" encoding="UTF-8"?>
<robot generator="Robot 3.1.2 (Python 3.7.5 on darwin)" generated="20200422 13:44:03.641" rpa="false">
<suite id="s1" name="Tests" source="/Users/nyon/GoBearTesting/Tests">
<suite id="s1-s1" name="Suites" source="/Users/nyon/GoBearTesting/Tests/Suites">
<suite id="s1-s1-s1" name="Travel" source="/Users/nyon/GoBearTesting/Tests/Suites/Travel">
<suite id="s1-s1-s1-s1" name="Travel" source="/Users/nyon/GoBearTesting/Tests/Suites/Travel/Travel.robot">
<kw name="User Prepare The Test Environment" library="Base_Test" type="setup">
<kw name="User Open Browser And Go To Webview" library="Base_Test">
<arguments>
<arg>${WEB_URL}</arg>
</arguments>
<kw name="Setup Browser" library="Base_Test">
<kw name="Convert To Dictionary" library="Collections">
<doc>Converts the given ``item`` to a Python ``dict`` type.</doc>
<arguments>
<arg>${BROWSER}</arg>
</arguments>
<assign>
<var>${settings}</var>
</assign>
<msg timestamp="20200422 13:44:08.623" level="INFO">${settings} = {'TYPE': 'chrome', 'HEADLESS': False}</msg>
<status status="PASS" starttime="20200422 13:44:08.622" endtime="20200422 13:44:08.623"></status>
</kw>
<kw name="Setup Browser Driver" library="GoBearCore">
<doc>Create instance of selenium webdriver base on driver type
:settings: dictionary of browser setting. Sample:
BROWSER:
  TYPE: chrome
  BROWSER_BINARY_PATH: &lt;path_name_of_browser_binary&gt;
  BROWSER_DRIVER_PATH: &lt;path_name_of_browser_driver&gt;
  HEADLESS: True
  WINDOW_SIZE: 1920,1080
  BROWSER_ARGUMENTS:
    no-sandbox
    arg2=value2</doc>
<arguments>
<arg>${settings}</arg>
</arguments>
<msg timestamp="20200422 13:44:10.904" level="INFO">/Users/nyon/GoBearTesting/Webdrivers/chromedriver/chromedriver</msg>
<status status="PASS" starttime="20200422 13:44:08.624" endtime="20200422 13:44:10.904"></status>
</kw>
<status status="PASS" starttime="20200422 13:44:08.621" endtime="20200422 13:44:10.905"></status>
</kw>
<kw name="Go To" library="GoBearCore">
<doc>Navigates the current browser window to the provided ``url``.</doc>
<arguments>
<arg>${URL}</arg>
</arguments>
<msg timestamp="20200422 13:44:10.907" level="INFO">Opening url 'https://www.gobear.com/ph?x_session_type=UAT'</msg>
<status status="PASS" starttime="20200422 13:44:10.905" endtime="20200422 13:44:11.916"></status>
</kw>
<status status="PASS" starttime="20200422 13:44:08.621" endtime="20200422 13:44:11.916"></status>
</kw>
<kw name="User Should See The Insurance" library="Common_Page">
<kw name="Insurance Should Be Visible" library="Common_Actions">
<kw name="Wait Until Element Is Visible" library="GoBearCore">
<arguments>
<arg>${INSURANCE}</arg>
</arguments>
<status status="PASS" starttime="20200422 13:44:11.919" endtime="20200422 13:44:12.683"></status>
</kw>
<status status="PASS" starttime="20200422 13:44:11.918" endtime="20200422 13:44:12.683"></status>
</kw>
<status status="PASS" starttime="20200422 13:44:11.917" endtime="20200422 13:44:12.684"></status>
</kw>
<kw name="User Navigate To Insurance Tab" library="Common_Page">
<kw name="Navigate To Insurance" library="Common_Actions">
<kw name="Select Element" library="GoBearCore">
<arguments>
<arg>${INSURANCE}</arg>
</arguments>
<status status="PASS" starttime="20200422 13:44:12.686" endtime="20200422 13:44:12.887"></status>
</kw>
<status status="PASS" starttime="20200422 13:44:12.685" endtime="20200422 13:44:12.888"></status>
</kw>
<status status="PASS" starttime="20200422 13:44:12.684" endtime="20200422 13:44:12.888"></status>
</kw>
<status status="PASS" starttime="20200422 13:44:08.619" endtime="20200422 13:44:12.889"></status>
</kw>
<test id="s1-s1-s1-s1-t1" name="User Can Navigate To Travel Tab">
<kw name="User Navigate To Travel Tab" library="Travel_Page">
<kw name="Navigate To Travel Tab" library="Travel_Actions">
<kw name="Select Element" library="GoBearCore">
<arguments>
<arg>${TRAVEL_LINK}</arg>
</arguments>
<status status="PASS" starttime="20200422 13:44:12.898" endtime="20200422 13:44:13.218"></status>
</kw>
<status status="PASS" starttime="20200422 13:44:12.897" endtime="20200422 13:44:13.218"></status>
</kw>
<kw name="Travel Tab Should Be Appeared" library="Travel_Actions">
<kw name="Tab Should Be Active" library="GoBearCore">
<arguments>
<arg>${TRAVEL_PANEL}</arg>
</arguments>
<status status="PASS" starttime="20200422 13:44:13.220" endtime="20200422 13:44:13.395"></status>
</kw>
<status status="PASS" starttime="20200422 13:44:13.219" endtime="20200422 13:44:13.395"></status>
</kw>
<status status="PASS" starttime="20200422 13:44:12.895" endtime="20200422 13:44:13.396"></status>
</kw>
<kw name="Set Trip Type" library="Travel_Actions">
<arguments>
<arg>annual trip</arg>
</arguments>
<kw name="Select Button Dropdown" library="GoBearCore">
<arguments>
<arg>${TRAVEL_TRIP_TYPE}</arg>
<arg>${trip_type}</arg>
</arguments>
<status status="PASS" starttime="20200422 13:44:13.398" endtime="20200422 13:44:14.460"></status>
</kw>
<status status="PASS" starttime="20200422 13:44:13.396" endtime="20200422 13:44:14.460"></status>
</kw>
<kw name="Set Traveller" library="Travel_Actions">
<arguments>
<arg>5 persons</arg>
</arguments>
<kw name="Select Button Dropdown" library="GoBearCore">
<arguments>
<arg>${TRAVEL_TRAVELLER}</arg>
<arg>${traveller}</arg>
</arguments>
<status status="PASS" starttime="20200422 13:44:14.463" endtime="20200422 13:44:15.370"></status>
</kw>
<status status="PASS" starttime="20200422 13:44:14.461" endtime="20200422 13:44:15.370"></status>
</kw>
<kw name="Set Travel From Place" library="Travel_Actions">
<arguments>
<arg>Asia</arg>
</arguments>
<kw name="Select Button Dropdown" library="GoBearCore">
<arguments>
<arg>${TRAVEL_FROM_PLACE}</arg>
<arg>${place}</arg>
</arguments>
<status status="PASS" starttime="20200422 13:44:15.373" endtime="20200422 13:44:16.088"></status>
</kw>
<status status="PASS" starttime="20200422 13:44:15.371" endtime="20200422 13:44:16.089"></status>
</kw>
<kw name="Set Travel Start Date" library="Travel_Actions">
<arguments>
<arg>30-April-2020</arg>
</arguments>
<kw name="Set Date" library="GoBearCore">
<doc>Set date values for date picker
Support input value in format: dd-mm-yyy or dd/mm/yyy or dd.mm.yyy
Where 'mm' is month in WORD (ex: April)
:param locator:
:param value:</doc>
<arguments>
<arg>${TRAVEL_STARTDATE}</arg>
<arg>${startdate}</arg>
</arguments>
<status status="PASS" starttime="20200422 13:44:16.092" endtime="20200422 13:44:46.144"></status>
</kw>
<status status="PASS" starttime="20200422 13:44:16.090" endtime="20200422 13:44:46.145"></status>
</kw>
<kw name="Click Travel Show Result Button" library="Travel_Actions">
<kw name="Select Element" library="GoBearCore">
<arguments>
<arg>${TRAVEL_SHOW_RESULT_BUTTON}</arg>
</arguments>
<status status="PASS" starttime="20200422 13:44:46.146" endtime="20200422 13:44:46.271"></status>
</kw>
<status status="PASS" starttime="20200422 13:44:46.146" endtime="20200422 13:44:46.272"></status>
</kw>
<kw name="Sleep" library="BuiltIn">
<doc>Pauses the test executed for the given time.</doc>
<arguments>
<arg>5</arg>
</arguments>
<msg timestamp="20200422 13:44:51.275" level="INFO">Slept 5 seconds</msg>
<status status="PASS" starttime="20200422 13:44:46.273" endtime="20200422 13:44:51.276"></status>
</kw>
<tags>
<tag>test</tag>
</tags>
<status status="PASS" starttime="20200422 13:44:12.890" endtime="20200422 13:44:51.276" critical="yes"></status>
</test>
<kw name="User Cleanup The Test Environment" library="Base_Test" type="teardown">
<kw name="Capture Page Screenshot" library="GoBearCore">
<doc>Takes a screenshot of the current page and embeds it into a log file.</doc>
<msg timestamp="20200422 13:44:52.041" level="INFO" html="yes">&lt;/td&gt;&lt;/tr&gt;&lt;tr&gt;&lt;td colspan="3"&gt;&lt;a href="selenium-screenshot-48.png"&gt;&lt;img src="selenium-screenshot-48.png" width="800px"&gt;&lt;/a&gt;</msg>
<status status="PASS" starttime="20200422 13:44:51.281" endtime="20200422 13:44:52.042"></status>
</kw>
<kw name="Close Browser" library="GoBearCore">
<doc>Closes the current browser.</doc>
<status status="PASS" starttime="20200422 13:44:52.043" endtime="20200422 13:44:52.182"></status>
</kw>
<status status="PASS" starttime="20200422 13:44:51.280" endtime="20200422 13:44:52.183"></status>
</kw>
<status status="PASS" starttime="20200422 13:44:03.679" endtime="20200422 13:44:52.183"></status>
</suite>
<status status="PASS" starttime="20200422 13:44:03.677" endtime="20200422 13:44:52.191"></status>
</suite>
<status status="PASS" starttime="20200422 13:44:03.675" endtime="20200422 13:44:52.198"></status>
</suite>
<status status="PASS" starttime="20200422 13:44:03.650" endtime="20200422 13:44:52.204"></status>
</suite>
<statistics>
<total>
<stat pass="1" fail="0">Critical Tests</stat>
<stat pass="1" fail="0">All Tests</stat>
</total>
<tag>
<stat pass="1" fail="0">test</stat>
</tag>
<suite>
<stat pass="1" fail="0" id="s1" name="Tests">Tests</stat>
<stat pass="1" fail="0" id="s1-s1" name="Suites">Tests.Suites</stat>
<stat pass="1" fail="0" id="s1-s1-s1" name="Travel">Tests.Suites.Travel</stat>
<stat pass="1" fail="0" id="s1-s1-s1-s1" name="Travel">Tests.Suites.Travel.Travel</stat>
</suite>
</statistics>
<errors>
</errors>
</robot>
